<?xml version="1.0" encoding="UTF-8"?>
<testsuite xmlns:xsi="http://www.w3.org/2001/XMLSchema-instance" xsi:noNamespaceSchemaLocation="https://maven.apache.org/surefire/maven-surefire-plugin/xsd/surefire-test-report-3.0.xsd" version="3.0" name="net.clementlevallois.cachewarmer.tests.GeneralTest" time="2.35" tests="2" errors="0" skipped="0" failures="0">
  <properties>
[...]
</properties>
  <testcase name="readTextFileContainingSiteXMLUrls" classname="net.clementlevallois.cachewarmer.tests.GeneralTest" time="0.01"/>
  <testcase name="visitOnePageWithSelenium" classname="net.clementlevallois.cachewarmer.tests.GeneralTest" time="2.297">
    <system-err><![CDATA[sept. 03, 2023 10:11:50 AM org.openqa.selenium.manager.SeleniumManager lambda$runCommand$1
INFOS: Driver path: C:\Users\levallois\.cache\selenium\chromedriver\win64\116.0.5845.96\chromedriver.exe
sept. 03, 2023 10:11:50 AM org.openqa.selenium.manager.SeleniumManager lambda$runCommand$1
INFOS: Browser path: C:\Program Files\Google\Chrome\Application\chrome.exe
SLF4J: Failed to load class "org.slf4j.impl.StaticLoggerBinder".
SLF4J: Defaulting to no-operation (NOP) logger implementation
SLF4J: See http://www.slf4j.org/codes.html#StaticLoggerBinder for further details.
]]></system-err>
  </testcase>
</testsuite>